<?xml version="1.0" encoding="UTF-8"?>
<testng-results ignored="0" total="1" passed="1" failed="0" skipped="0">
  <reporter-output>
  </reporter-output>
  <suite started-at="2023-12-16T20:20:35 IST" name="Default suite" finished-at="2023-12-16T20:20:35 IST" duration-ms="105">
    <groups>
    </groups>
    <test started-at="2023-12-16T20:20:35 IST" name="Default test" finished-at="2023-12-16T20:20:35 IST" duration-ms="105">
      <class name="testNG_project.Example1">
        <test-method signature="function()[pri:0, instance:testNG_project.Example1@3b69e7d1]" started-at="2023-12-16T20:20:35 IST" name="function" finished-at="2023-12-16T20:20:35 IST" duration-ms="21" status="PASS">
          <reporter-output>
          </reporter-output>
        </test-method> <!-- function -->
      </class> <!-- testNG_project.Example1 -->
    </test> <!-- Default test -->
  </suite> <!-- Default suite -->
</testng-results>
